<?xml version="1.0" encoding="UTF-8"?>
<!-- Generated by org.testng.reporters.JUnitXMLReporter -->
<testsuite hostname="Leen88" ignored="0" name="Negative" tests="3" failures="0" timestamp="15 May 2018 19:38:23 GMT" time="0.016" errors="0">
  <testcase name="test" time="0.016" classname="core.PrimeNumberCheckerTest2"/>
  <testcase name="test" time="0.0" classname="core.PrimeNumberCheckerTest2"/>
  <testcase name="test" time="0.0" classname="core.PrimeNumberCheckerTest2"/>
</testsuite> <!-- Negative -->
