<?xml version="1.0" encoding="UTF-8"?>
<!-- Generated by org.testng.reporters.JUnitXMLReporter -->
<testsuite hostname="Leen88" ignored="0" name="Prime Number Checker" tests="6" failures="0" timestamp="15 May 2018 10:16:08 GMT" time="0.108" errors="0">
  <testcase name="test" time="0.044" classname="core.PrimeNumberCheckerTest"/>
  <testcase name="test" time="0.004" classname="core.PrimeNumberCheckerTest"/>
  <testcase name="test" time="0.003" classname="core.PrimeNumberCheckerTest"/>
  <testcase name="test" time="0.002" classname="core.PrimeNumberCheckerTest2"/>
  <testcase name="test" time="0.003" classname="core.PrimeNumberCheckerTest2"/>
  <testcase name="test" time="0.0" classname="core.PrimeNumberCheckerTest2"/>
</testsuite> <!-- Prime Number Checker -->
